C:\Program Files (x86)\Microsoft Visual Studio\2017\Community\Common7\IDE\VC\VCTargets\Microsoft.CppBuild.targets(391,5): warning MSB8028: El directorio intermedio (Debug\) contiene archivos compartidos de otro proyecto (Clae.vcxproj). Esto puede dar lugar a un comportamiento incorrecto de limpieza y recompilación.
  Camera.cpp
  figuras.cpp
c:\users\jair10lm\documents\computacion grafica\practica10\practica10\clae\clae\figuras.cpp(20): warning C4838: la conversión de 'double' en 'GLfloat' requiere una conversión de restricción
c:\users\jair10lm\documents\computacion grafica\practica10\practica10\clae\clae\figuras.cpp(90): warning C4838: la conversión de 'double' en 'GLfloat' requiere una conversión de restricción
c:\users\jair10lm\documents\computacion grafica\practica10\practica10\clae\clae\figuras.cpp(301): warning C4101: 'theta': variable local sin referencia
c:\users\jair10lm\documents\computacion grafica\practica10\practica10\clae\clae\figuras.cpp(301): warning C4101: 'phi': variable local sin referencia
  main_prac10.cpp
  texture.cpp
  Generando código...
CModel.lib(_3dsloader.obj) : warning LNK4099: no se encontró PDB 'vc70.pdb' con 'CModel.lib(_3dsloader.obj)' o en 'C:\Users\Jair10lm\Documents\Computacion Grafica\practica10\practica10\Clae\Clae\Debug\vc70.pdb'; se vinculará el objeto sin tener en cuenta información de depuración
CModel.lib(CModel.obj) : warning LNK4099: no se encontró PDB 'vc70.pdb' con 'CModel.lib(CModel.obj)' o en 'C:\Users\Jair10lm\Documents\Computacion Grafica\practica10\practica10\Clae\Clae\Debug\vc70.pdb'; se vinculará el objeto sin tener en cuenta información de depuración
CModel.lib(CObject.obj) : warning LNK4099: no se encontró PDB 'vc70.pdb' con 'CModel.lib(CObject.obj)' o en 'C:\Users\Jair10lm\Documents\Computacion Grafica\practica10\practica10\Clae\Clae\Debug\vc70.pdb'; se vinculará el objeto sin tener en cuenta información de depuración
CModel.lib(GFILoader.obj) : warning LNK4099: no se encontró PDB 'vc70.pdb' con 'CModel.lib(GFILoader.obj)' o en 'C:\Users\Jair10lm\Documents\Computacion Grafica\practica10\practica10\Clae\Clae\Debug\vc70.pdb'; se vinculará el objeto sin tener en cuenta información de depuración
CModel.lib(GLRender.obj) : warning LNK4099: no se encontró PDB 'vc70.pdb' con 'CModel.lib(GLRender.obj)' o en 'C:\Users\Jair10lm\Documents\Computacion Grafica\practica10\practica10\Clae\Clae\Debug\vc70.pdb'; se vinculará el objeto sin tener en cuenta información de depuración
CModel.lib(HandleStream.obj) : warning LNK4099: no se encontró PDB 'vc70.pdb' con 'CModel.lib(HandleStream.obj)' o en 'C:\Users\Jair10lm\Documents\Computacion Grafica\practica10\practica10\Clae\Clae\Debug\vc70.pdb'; se vinculará el objeto sin tener en cuenta información de depuración
CModel.lib(imageload.obj) : warning LNK4099: no se encontró PDB 'vc70.pdb' con 'CModel.lib(imageload.obj)' o en 'C:\Users\Jair10lm\Documents\Computacion Grafica\practica10\practica10\Clae\Clae\Debug\vc70.pdb'; se vinculará el objeto sin tener en cuenta información de depuración
CModel.lib(MATRIX4X4.obj) : warning LNK4099: no se encontró PDB 'vc70.pdb' con 'CModel.lib(MATRIX4X4.obj)' o en 'C:\Users\Jair10lm\Documents\Computacion Grafica\practica10\practica10\Clae\Clae\Debug\vc70.pdb'; se vinculará el objeto sin tener en cuenta información de depuración
CModel.lib(VECTOR3D.obj) : warning LNK4099: no se encontró PDB 'vc70.pdb' con 'CModel.lib(VECTOR3D.obj)' o en 'C:\Users\Jair10lm\Documents\Computacion Grafica\practica10\practica10\Clae\Clae\Debug\vc70.pdb'; se vinculará el objeto sin tener en cuenta información de depuración
CModel.lib(VECTOR4D.obj) : warning LNK4099: no se encontró PDB 'vc70.pdb' con 'CModel.lib(VECTOR4D.obj)' o en 'C:\Users\Jair10lm\Documents\Computacion Grafica\practica10\practica10\Clae\Clae\Debug\vc70.pdb'; se vinculará el objeto sin tener en cuenta información de depuración
  Clase.vcxproj -> C:\Users\Jair10lm\Documents\Computacion Grafica\practica10\practica10\Clae\Clae\Debug\Clase.exe
